<?xml version="1.0" encoding="UTF-8"?>
<!-- Generated by org.testng.reporters.JUnitXMLReporter -->
<testsuite hostname="DESKTOP-Q5QPGK2" ignored="0" name="Test" tests="3" failures="0" timestamp="2020-03-30T15:40:14 IST" time="73.92" errors="0">
  <testcase name="HomepageNav" time="19.509" classname="Academy.HomepageTest"/>
  <testcase name="HomepageNav" time="15.732" classname="Academy.HomepageTest"/>
  <testcase name="HomepageNav" time="0.11" classname="Academy.ValidateTest"/>
</testsuite> <!-- Test -->
