<?xml version="1.0" encoding="UTF-8"?>
<testng-results skipped="0" failed="0" ignored="0" total="3" passed="3">
  <reporter-output>
  </reporter-output>
  <suite name="Suite" duration-ms="73920" started-at="2020-03-30T15:39:00 IST" finished-at="2020-03-30T15:40:14 IST">
    <groups>
    </groups>
    <test name="Test" duration-ms="73920" started-at="2020-03-30T15:39:00 IST" finished-at="2020-03-30T15:40:14 IST">
      <class name="Academy.HomepageTest">
        <test-method status="PASS" signature="initialize()[pri:0, instance:Academy.HomepageTest@3d74bf60]" name="initialize" is-config="true" duration-ms="13872" started-at="2020-03-30T15:39:00 IST" finished-at="2020-03-30T15:39:14 IST">
          <reporter-output>
          </reporter-output>
        </test-method> <!-- initialize -->
        <test-method status="PASS" signature="HomepageNav(java.lang.String, java.lang.String, java.lang.String)[pri:0, instance:Academy.HomepageTest@3d74bf60]" name="HomepageNav" duration-ms="19509" started-at="2020-03-30T15:39:37 IST" data-provider="getData" finished-at="2020-03-30T15:39:57 IST">
          <params>
            <param index="0">
              <value>
                <![CDATA[nonrestricted@g.com]]>
              </value>
            </param>
            <param index="1">
              <value>
                <![CDATA[Test@123]]>
              </value>
            </param>
            <param index="2">
              <value>
                <![CDATA[nonrestricteduser]]>
              </value>
            </param>
          </params>
          <reporter-output>
          </reporter-output>
        </test-method> <!-- HomepageNav -->
        <test-method status="PASS" signature="HomepageNav(java.lang.String, java.lang.String, java.lang.String)[pri:0, instance:Academy.HomepageTest@3d74bf60]" name="HomepageNav" duration-ms="15732" started-at="2020-03-30T15:39:57 IST" data-provider="getData" finished-at="2020-03-30T15:40:13 IST">
          <params>
            <param index="0">
              <value>
                <![CDATA[restricted@g.com]]>
              </value>
            </param>
            <param index="1">
              <value>
                <![CDATA[Test@456]]>
              </value>
            </param>
            <param index="2">
              <value>
                <![CDATA[restricteduser]]>
              </value>
            </param>
          </params>
          <reporter-output>
          </reporter-output>
        </test-method> <!-- HomepageNav -->
        <test-method status="PASS" signature="teardown()[pri:0, instance:Academy.HomepageTest@3d74bf60]" name="teardown" is-config="true" duration-ms="651" started-at="2020-03-30T15:40:13 IST" finished-at="2020-03-30T15:40:13 IST">
          <reporter-output>
          </reporter-output>
        </test-method> <!-- teardown -->
      </class> <!-- Academy.HomepageTest -->
      <class name="Academy.ValidateTest">
        <test-method status="PASS" signature="initialize()[pri:0, instance:Academy.ValidateTest@4f209819]" name="initialize" is-config="true" duration-ms="23252" started-at="2020-03-30T15:39:14 IST" finished-at="2020-03-30T15:39:37 IST">
          <reporter-output>
          </reporter-output>
        </test-method> <!-- initialize -->
        <test-method status="PASS" signature="HomepageNav()[pri:0, instance:Academy.ValidateTest@4f209819]" name="HomepageNav" duration-ms="110" started-at="2020-03-30T15:40:13 IST" finished-at="2020-03-30T15:40:13 IST">
          <reporter-output>
          </reporter-output>
        </test-method> <!-- HomepageNav -->
        <test-method status="PASS" signature="teardown()[pri:0, instance:Academy.ValidateTest@4f209819]" name="teardown" is-config="true" duration-ms="703" started-at="2020-03-30T15:40:13 IST" finished-at="2020-03-30T15:40:14 IST">
          <reporter-output>
          </reporter-output>
        </test-method> <!-- teardown -->
      </class> <!-- Academy.ValidateTest -->
    </test> <!-- Test -->
  </suite> <!-- Suite -->
</testng-results>
