<?xml version="1.0" encoding="UTF-8"?>
<testng-results skipped="0" failed="0" ignored="0" total="1" passed="1">
  <reporter-output>
  </reporter-output>
  <suite name="Default suite" duration-ms="17964" started-at="2020-05-05T19:18:39 IST" finished-at="2020-05-05T19:18:57 IST">
    <groups>
    </groups>
    <test name="Default test" duration-ms="17964" started-at="2020-05-05T19:18:39 IST" finished-at="2020-05-05T19:18:57 IST">
      <class name="Academy.ValidateTest">
        <test-method status="PASS" signature="initialize()[pri:0, instance:Academy.ValidateTest@689604d9]" name="initialize" is-config="true" duration-ms="15456" started-at="2020-05-05T19:18:39 IST" finished-at="2020-05-05T19:18:54 IST">
          <reporter-output>
          </reporter-output>
        </test-method> <!-- initialize -->
        <test-method status="PASS" signature="HomepageNav()[pri:0, instance:Academy.ValidateTest@689604d9]" name="HomepageNav" duration-ms="1305" started-at="2020-05-05T19:18:54 IST" finished-at="2020-05-05T19:18:56 IST">
          <reporter-output>
          </reporter-output>
        </test-method> <!-- HomepageNav -->
        <test-method status="PASS" signature="teardown()[pri:0, instance:Academy.ValidateTest@689604d9]" name="teardown" is-config="true" duration-ms="1098" started-at="2020-05-05T19:18:56 IST" finished-at="2020-05-05T19:18:57 IST">
          <reporter-output>
          </reporter-output>
        </test-method> <!-- teardown -->
      </class> <!-- Academy.ValidateTest -->
    </test> <!-- Default test -->
  </suite> <!-- Default suite -->
</testng-results>
